#
# There is insufficient memory for the Java Runtime Environment to continue.
# Native memory allocation (mmap) failed to map 65536 bytes. Error detail: Failed to commit metaspace.
# Possible reasons:
#   The system is out of physical RAM or swap space
#   This process is running with CompressedOops enabled, and the Java Heap may be blocking the growth of the native heap
# Possible solutions:
#   Reduce memory load on the system
#   Increase physical memory or swap space
#   Check if swap backing store is full
#   Decrease Java heap size (-Xmx/-Xms)
#   Decrease number of Java threads
#   Decrease Java thread stack sizes (-Xss)
#   Set larger code cache with -XX:ReservedCodeCacheSize=
#   JVM is running with Unscaled Compressed Oops mode in which the Java heap is
#     placed in the first 4GB address space. The Java Heap base address is the
#     maximum limit for the native heap growth. Please use -XX:HeapBaseMinAddress
#     to set the Java Heap base and to place the Java Heap above 4GB virtual address.
# This output file may be truncated or incomplete.
#
#  Out of Memory Error (virtualSpaceNode.cpp:113), pid=26888, tid=13196
#
# JRE version: OpenJDK Runtime Environment Temurin-21.0.10+7 (21.0.10+7) (build 21.0.10+7-LTS)
# Java VM: OpenJDK 64-Bit Server VM Temurin-21.0.10+7 (21.0.10+7-LTS, mixed mode, sharing, tiered, compressed oops, compressed class ptrs, parallel gc, windows-amd64)
# No core dump will be written. Minidumps are not enabled by default on client versions of Windows
#

---------------  S U M M A R Y ------------

Command Line: --add-modules=ALL-SYSTEM --add-opens=java.base/java.util=ALL-UNNAMED --add-opens=java.base/java.lang=ALL-UNNAMED --add-opens=java.base/sun.nio.fs=ALL-UNNAMED -Declipse.application=org.eclipse.jdt.ls.core.id1 -Dosgi.bundles.defaultStartLevel=4 -Declipse.product=org.eclipse.jdt.ls.core.product -Djava.import.generatesMetadataFilesAtProjectRoot=false -DDetectVMInstallationsJob.disabled=true -Dfile.encoding=utf8 -XX:+UseParallelGC -XX:GCTimeRatio=4 -XX:AdaptiveSizePolicyWeight=90 -Dsun.zip.disableMemoryMapping=true -Xmx2G -Xms100m -Xlog:disable -javaagent:c:\Users\SANKARANARAYANAN M\.antigravity\extensions\redhat.java-1.53.0-win32-x64\lombok\lombok-1.18.39-4050.jar -XX:+HeapDumpOnOutOfMemoryError -XX:HeapDumpPath=c:\Users\SANKARANARAYANAN M\AppData\Roaming\Antigravity\User\workspaceStorage\4789f6ae332634ec32cf7b49454c9aec\redhat.java -Daether.dependencyCollector.impl=bf c:\Users\SANKARANARAYANAN M\.antigravity\extensions\redhat.java-1.53.0-win32-x64\server\plugins\org.eclipse.equinox.launcher_1.7.100.v20251111-0406.jar -configuration c:\Users\SANKARANARAYANAN M\AppData\Roaming\Antigravity\User\globalStorage\redhat.java\1.53.0\config_win -data c:\Users\SANKARANARAYANAN M\AppData\Roaming\Antigravity\User\workspaceStorage\4789f6ae332634ec32cf7b49454c9aec\redhat.java\jdt_ws --pipe=\\.\pipe\lsp-163cd63961476487e97ce7f19b1926c1-sock

Host: 12th Gen Intel(R) Core(TM) i5-12450H, 12 cores, 15G,  Windows 11 , 64 bit Build 26100 (10.0.26100.7920)
Time: Tue Mar 24 22:09:08 2026 India Standard Time elapsed time: 3.865173 seconds (0d 0h 0m 3s)

---------------  T H R E A D  ---------------

Current thread (0x000001df63c9d320):  JavaThread "main"             [_thread_in_vm, id=13196, stack(0x0000006ecde00000,0x0000006ecdf00000) (1024K)]

Stack: [0x0000006ecde00000,0x0000006ecdf00000]
Native frames: (J=compiled Java code, j=interpreted, Vv=VM code, C=native code)
V  [jvm.dll+0x6d7a39]
V  [jvm.dll+0x8b4b26]
V  [jvm.dll+0x8b70de]
V  [jvm.dll+0x8b77c3]
V  [jvm.dll+0x284346]
V  [jvm.dll+0x8b086e]
V  [jvm.dll+0x679444]
V  [jvm.dll+0x1e82bb]
V  [jvm.dll+0x1e807e]
V  [jvm.dll+0x67bd42]
V  [jvm.dll+0x67bb72]
V  [jvm.dll+0x679e1e]
V  [jvm.dll+0x26e1f0]
V  [jvm.dll+0x684085]
V  [jvm.dll+0x21955e]
V  [jvm.dll+0x219a05]
V  [jvm.dll+0x21a3f8]
V  [jvm.dll+0x20f62e]
V  [jvm.dll+0x5b644f]
V  [jvm.dll+0x82ead6]
V  [jvm.dll+0x478db8]
V  [jvm.dll+0x47ebe8]
C  [java.dll+0x17ec]

Java frames: (J=compiled Java code, j=interpreted, Vv=VM code)
J 1129  java.lang.ClassLoader.defineClass1(Ljava/lang/ClassLoader;Ljava/lang/String;[BIILjava/security/ProtectionDomain;Ljava/lang/String;)Ljava/lang/Class; java.base@21.0.10 (0 bytes) @ 0x000001df6e9e3711 [0x000001df6e9e3640+0x00000000000000d1]
j  java.lang.ClassLoader.defineClass(Ljava/lang/String;[BIILjava/security/ProtectionDomain;)Ljava/lang/Class;+27 java.base@21.0.10
j  java.security.SecureClassLoader.defineClass(Ljava/lang/String;[BIILjava/security/CodeSource;)Ljava/lang/Class;+12 java.base@21.0.10
j  java.net.URLClassLoader.defineClass(Ljava/lang/String;Ljdk/internal/loader/Resource;)Ljava/lang/Class;+220 java.base@21.0.10
j  java.net.URLClassLoader$1.run()Ljava/lang/Class;+43 java.base@21.0.10
j  java.net.URLClassLoader$1.run()Ljava/lang/Object;+1 java.base@21.0.10
j  java.security.AccessController.executePrivileged(Ljava/security/PrivilegedExceptionAction;Ljava/security/AccessControlContext;Ljava/lang/Class;)Ljava/lang/Object;+29 java.base@21.0.10
j  java.security.AccessController.doPrivileged(Ljava/security/PrivilegedExceptionAction;Ljava/security/AccessControlContext;)Ljava/lang/Object;+13 java.base@21.0.10
j  java.net.URLClassLoader.findClass(Ljava/lang/String;)Ljava/lang/Class;+13 java.base@21.0.10
j  java.lang.ClassLoader.loadClass(Ljava/lang/String;Z)Ljava/lang/Class;+69 java.base@21.0.10
J 1025 c1 java.lang.ClassLoader.loadClass(Ljava/lang/String;)Ljava/lang/Class; java.base@21.0.10 (7 bytes) @ 0x000001df6703c954 [0x000001df6703c840+0x0000000000000114]
v  ~StubRoutines::call_stub 0x000001df6e3d100d
j  org.eclipse.osgi.internal.log.ExtendedLogReaderServiceFactory.<init>(ILorg/osgi/service/log/LogLevel;)V+16
j  org.eclipse.osgi.internal.log.LogServiceManager.<init>(ILorg/osgi/service/log/LogLevel;Lorg/eclipse/osgi/internal/framework/EquinoxConfiguration;[Lorg/osgi/service/log/LogListener;)V+11
j  org.eclipse.osgi.internal.log.EquinoxLogServices.<init>(Lorg/eclipse/osgi/internal/framework/EquinoxConfiguration;)V+341
j  org.eclipse.osgi.internal.framework.EquinoxContainer.<init>(Ljava/util/Map;Lorg/osgi/framework/connect/ModuleConnector;)V+97
j  org.eclipse.osgi.launch.Equinox.<init>(Ljava/util/Map;Lorg/osgi/framework/connect/ModuleConnector;)V+10
j  org.eclipse.osgi.launch.Equinox.<init>(Ljava/util/Map;)V+3
j  org.eclipse.core.runtime.adaptor.EclipseStarter.startup([Ljava/lang/String;Ljava/lang/Runnable;)Lorg/osgi/framework/BundleContext;+28
j  org.eclipse.core.runtime.adaptor.EclipseStarter.run([Ljava/lang/String;Ljava/lang/Runnable;)Ljava/lang/Object;+21
j  java.lang.invoke.DirectMethodHandle$Holder.invokeStatic(Ljava/lang/Object;Ljava/lang/Object;Ljava/lang/Object;)Ljava/lang/Object;+11 java.base@21.0.10
j  java.lang.invoke.LambdaForm$MH+0x000001df0108a800.invoke(Ljava/lang/Object;Ljava/lang/Object;Ljava/lang/Object;Ljava/lang/Object;)Ljava/lang/Object;+54 java.base@21.0.10
j  java.lang.invoke.LambdaForm$MH+0x000001df01002c00.invokeExact_MT(Ljava/lang/Object;Ljava/lang/Object;Ljava/lang/Object;Ljava/lang/Object;Ljava/lang/Object;)Ljava/lang/Object;+22 java.base@21.0.10
j  jdk.internal.reflect.DirectMethodHandleAccessor.invokeImpl(Ljava/lang/Object;[Ljava/lang/Object;)Ljava/lang/Object;+72 java.base@21.0.10
j  jdk.internal.reflect.DirectMethodHandleAccessor.invoke(Ljava/lang/Object;[Ljava/lang/Object;)Ljava/lang/Object;+23 java.base@21.0.10
j  java.lang.reflect.Method.invoke(Ljava/lang/Object;[Ljava/lang/Object;)Ljava/lang/Object;+102 java.base@21.0.10
j  org.eclipse.equinox.launcher.Main.invokeFramework([Ljava/lang/String;[Ljava/net/URL;)V+155
j  org.eclipse.equinox.launcher.Main.basicRun([Ljava/lang/String;)V+191
j  org.eclipse.equinox.launcher.Main.run([Ljava/lang/String;)I+4
j  org.eclipse.equinox.launcher.Main.main([Ljava/lang/String;)V+10
v  ~StubRoutines::call_stub 0x000001df6e3d100d

Compiled method (n/a) 3950 1129     n 0       java.lang.ClassLoader::defineClass1 (native)
 total in heap  [0x000001df6e9e3490,0x000001df6e9e3918] = 1160
 relocation     [0x000001df6e9e35f0,0x000001df6e9e3628] = 56
 main code      [0x000001df6e9e3640,0x000001df6e9e3916] = 726
 stub code      [0x000001df6e9e3916,0x000001df6e9e3918] = 2

[Constant Pool (empty)]

[MachCode]
[Entry Point]
  # {method} {0x000001df00434f58} 'defineClass1' '(Ljava/lang/ClassLoader;Ljava/lang/String;[BIILjava/security/ProtectionDomain;Ljava/lang/String;)Ljava/lang/Class;' in 'java/lang/ClassLoader'
  # parm0:    rdx:rdx   = 'java/lang/ClassLoader'
  # parm1:    r8:r8     = 'java/lang/String'
  # parm2:    r9:r9     = '[B'
  # parm3:    rdi       = int
  # parm4:    rsi       = int
  # parm5:    rcx:rcx   = 'java/security/ProtectionDomain'
  # parm6:    [sp+0xa0]   = 'java/lang/String'  (sp of caller)
  0x000001df6e9e3640: 448b 5208 | 49bb 0000 | 0000 df01 | 0000 4d03 | d349 3bc2 | 0f84 0600 

  0x000001df6e9e3658: ;   {runtime_call ic_miss_stub}
  0x000001df6e9e3658: 0000 e921 | aea3 ff90 
[Verified Entry Point]
  0x000001df6e9e3660: 8984 2400 | 80ff ff55 | 488b ec48 | 81ec 9000 | 0000 6690 | 4181 7f20 | 0100 0000 

  0x000001df6e9e367c: ;   {runtime_call StubRoutines (final stubs)}
  0x000001df6e9e367c: 7405 e85d | 53a2 ff48 | 837d 1000 | 488d 4510 | 480f 4445 | 1048 8944 | 2440 4889 | 4c24 7048 
  0x000001df6e9e369c: 83f9 0048 | 8d44 2470 | 480f 4444 | 2470 4889 | 4424 3848 | 8974 2430 | 4889 7c24 | 284c 894c 
  0x000001df6e9e36bc: 2458 4983 | f900 488d | 4424 5848 | 0f44 4424 | 5848 8944 | 2420 4c89 | 4424 5049 | 83f8 004c 
  0x000001df6e9e36dc: 8d4c 2450 | 4c0f 444c | 2450 4889 | 5424 4848 | 83fa 004c | 8d44 2448 | 4c0f 4444 

  0x000001df6e9e36f8: ;   {oop(a 'java/lang/Class'{0x0000000080000c30} = 'java/lang/ClassLoader')}
  0x000001df6e9e36f8: 2448 49be | 300c 0080 | 0000 0000 | 4c89 7424 | 784c 8d74 | 2478 498b | d6c5 f877 

  0x000001df6e9e3714: ;   {internal_word}
  0x000001df6e9e3714: 49ba 1137 | 9e6e df01 | 0000 4d89 | 97a8 0300 | 0049 89a7 | a003 0000 

  0x000001df6e9e372c: ;   {external_word}
  0x000001df6e9e372c: 49ba c65c | 630a f87f | 0000 4180 | 3a00 0f84 | 4e00 0000 | 5241 5041 

  0x000001df6e9e3744: ;   {metadata({method} {0x000001df00434f58} 'defineClass1' '(Ljava/lang/ClassLoader;Ljava/lang/String;[BIILjava/security/ProtectionDomain;Ljava/lang/String;)Ljava/lang/Class;' in 'java/lang/ClassLoader')}
  0x000001df6e9e3744: 5148 ba50 | 4f43 00df | 0100 0049 | 8bcf 4883 | ec20 40f6 | c40f 0f84 | 1900 0000 | 4883 ec08 
  0x000001df6e9e3764: ;   {runtime_call}
  0x000001df6e9e3764: 48b8 50e1 | 0c0a f87f | 0000 ffd0 | 4883 c408 | e90c 0000 

  0x000001df6e9e3778: ;   {runtime_call}
  0x000001df6e9e3778: 0048 b850 | e10c 0af8 | 7f00 00ff | d048 83c4 | 2041 5941 | 585a 498d | 8fc0 0300 | 0041 c787 
  0x000001df6e9e3798: 4c04 0000 | 0400 0000 

  0x000001df6e9e37a0: ;   {runtime_call}
  0x000001df6e9e37a0: 48b8 ac16 | 1dca f87f | 0000 ffd0 | c5f8 7741 | c787 4c04 | 0000 0500 | 0000 f083 | 4424 c000 
  0x000001df6e9e37c0: 493b af50 | 0400 000f | 870e 0000 | 0041 83bf | 4804 0000 | 000f 842b | 0000 00c5 | f877 4889 
  0x000001df6e9e37e0: 45f8 498b | cf4c 8be4 | 4883 ec20 | 4883 e4f0 

  0x000001df6e9e37f0: ;   {runtime_call}
  0x000001df6e9e37f0: 48b8 d052 | d809 f87f | 0000 ffd0 | 498b e44d | 33e4 488b | 45f8 41c7 | 874c 0400 | 0008 0000 
  0x000001df6e9e3810: 0041 83bf | c804 0000 | 020f 84ca 

  0x000001df6e9e381c: ;   {external_word}
  0x000001df6e9e381c: 0000 0049 | bac6 5c63 | 0af8 7f00 | 0041 803a | 000f 844c | 0000 0048 

  0x000001df6e9e3834: ;   {metadata({method} {0x000001df00434f58} 'defineClass1' '(Ljava/lang/ClassLoader;Ljava/lang/String;[BIILjava/security/ProtectionDomain;Ljava/lang/String;)Ljava/lang/Class;' in 'java/lang/ClassLoader')}
  0x000001df6e9e3834: 8945 f848 | ba50 4f43 | 00df 0100 | 0049 8bcf | 4883 ec20 | 40f6 c40f | 0f84 1900 | 0000 4883 
  0x000001df6e9e3854: ;   {runtime_call}
  0x000001df6e9e3854: ec08 48b8 | 50e1 0c0a | f87f 0000 | ffd0 4883 | c408 e90c 

  0x000001df6e9e3868: ;   {runtime_call}
  0x000001df6e9e3868: 0000 0048 | b850 e10c | 0af8 7f00 | 00ff d048 | 83c4 2048 | 8b45 f849 | c787 a003 | 0000 0000 
  0x000001df6e9e3888: 0000 49c7 | 87a8 0300 | 0000 0000 | 00c5 f877 | 4885 c00f | 8425 0000 | 00a8 030f | 8508 0000 
  0x000001df6e9e38a8: 0048 8b00 | e915 0000 | 00a8 010f | 8509 0000 | 0048 8b40 | fee9 0400 | 0000 488b | 40ff 498b 
  0x000001df6e9e38c8: 8f30 0400 | 00c7 8100 | 0100 0000 | 0000 00c9 | 4983 7f08 | 000f 8501 | 0000 00c3 

  0x000001df6e9e38e4: ;   {runtime_call StubRoutines (initial stubs)}
  0x000001df6e9e38e4: e917 d69e | ffc5 f877 | 4889 45f8 | 4c8b e448 | 83ec 2048 

  0x000001df6e9e38f8: ;   {runtime_call}
  0x000001df6e9e38f8: 83e4 f048 | b8a0 180d | 0af8 7f00 | 00ff d049 | 8be4 4d33 | e448 8b45 | f8e9 09ff | ffff f4f4 
[/MachCode]


Compiled method (c1) 3956 1025       3       java.lang.ClassLoader::loadClass (7 bytes)
 total in heap  [0x000001df6703c690,0x000001df6703ca80] = 1008
 relocation     [0x000001df6703c7f0,0x000001df6703c830] = 64
 main code      [0x000001df6703c840,0x000001df6703c9d0] = 400
 stub code      [0x000001df6703c9d0,0x000001df6703ca18] = 72
 metadata       [0x000001df6703ca18,0x000001df6703ca20] = 8
 scopes data    [0x000001df6703ca20,0x000001df6703ca38] = 24
 scopes pcs     [0x000001df6703ca38,0x000001df6703ca78] = 64
 dependencies   [0x000001df6703ca78,0x000001df6703ca80] = 8

[Constant Pool (empty)]

[MachCode]
[Entry Point]
  # {method} {0x000001df000143f0} 'loadClass' '(Ljava/lang/String;)Ljava/lang/Class;' in 'java/lang/ClassLoader'
  # this:     rdx:rdx   = 'java/lang/ClassLoader'
  # parm0:    r8:r8     = 'java/lang/String'
  #           [sp+0x40]  (sp of caller)
  0x000001df6703c840: 448b 5208 | 49bb 0000 | 0000 df01 | 0000 4d03 | d34c 3bd0 

  0x000001df6703c854: ;   {runtime_call ic_miss_stub}
  0x000001df6703c854: 0f85 261c | 3e07 660f | 1f44 0000 
[Verified Entry Point]
  0x000001df6703c860: 8984 2400 | 80ff ff55 | 4883 ec30 | 4181 7f20 | 0100 0000 

  0x000001df6703c874: ;   {runtime_call StubRoutines (final stubs)}
  0x000001df6703c874: 7405 e865 

  0x000001df6703c878: ;   {metadata(method data for {method} {0x000001df000143f0} 'loadClass' '(Ljava/lang/String;)Ljava/lang/Class;' in 'java/lang/ClassLoader')}
  0x000001df6703c878: c13c 0749 | b998 112b | 41df 0100 | 0041 8bb1 | cc00 0000 | 83c6 0241 | 89b1 cc00 | 0000 81e6 
  0x000001df6703c898: fe07 0000 | 85f6 0f84 | cb00 0000 

  0x000001df6703c8a4: ;   {metadata(method data for {method} {0x000001df000143f0} 'loadClass' '(Ljava/lang/String;)Ljava/lang/Class;' in 'java/lang/ClassLoader')}
  0x000001df6703c8a4: 4c8b ca48 | be98 112b | 41df 0100 | 0045 8b49 | 0849 ba00 | 0000 00df | 0100 004d | 03ca 4c3b 
  0x000001df6703c8c4: 8e20 0100 | 0075 0d48 | 8386 2801 | 0000 01e9 | 6000 0000 | 4c3b 8e30 | 0100 0075 | 0d48 8386 
  0x000001df6703c8e4: 3801 0000 | 01e9 4a00 | 0000 4883 | be20 0100 | 0000 7517 | 4c89 8e20 | 0100 0048 | c786 2801 
  0x000001df6703c904: 0000 0100 | 0000 e929 | 0000 0048 | 83be 3001 | 0000 0075 | 174c 898e | 3001 0000 | 48c7 8638 
  0x000001df6703c924: 0100 0001 | 0000 00e9 | 0800 0000 | 4883 8610 | 0100 0001 | 41b9 0000 | 0000 0f1f | 8000 0000 
  0x000001df6703c944: 0048 b820 | 9300 7ddf 

  0x000001df6703c94c: ;   {virtual_call}
  0x000001df6703c94c: 0100 00e8 

  0x000001df6703c950: ; ImmutableOopMap {}
                      ;*invokevirtual loadClass {reexecute=0 rethrow=0 return_oop=0}
                      ; - java.lang.ClassLoader::loadClass@3
  0x000001df6703c950: e5cb 3d07 

  0x000001df6703c954: ;   {other}
  0x000001df6703c954: 0f1f 8400 | c402 0000 | 4883 c430 

  0x000001df6703c960: ;   {poll_return}
  0x000001df6703c960: 5d49 3ba7 | 5004 0000 | 0f87 2200 

  0x000001df6703c96c: ;   {metadata({method} {0x000001df000143f0} 'loadClass' '(Ljava/lang/String;)Ljava/lang/Class;' in 'java/lang/ClassLoader')}
  0x000001df6703c96c: 0000 c349 | bae8 4301 | 00df 0100 | 004c 8954 | 2408 48c7 | 0424 ffff 

  0x000001df6703c984: ;   {runtime_call counter_overflow Runtime1 stub}
  0x000001df6703c984: ffff e875 

  0x000001df6703c988: ; ImmutableOopMap {rdx=Oop r8=Oop }
                      ;*synchronization entry
                      ; - java.lang.ClassLoader::loadClass@-1
  0x000001df6703c988: 8d49 07e9 | 14ff ffff 

  0x000001df6703c990: ;   {internal_word}
  0x000001df6703c990: 49ba 61c9 | 0367 df01 | 0000 4d89 | 9768 0400 

  0x000001df6703c9a0: ;   {runtime_call SafepointBlob}
  0x000001df6703c9a0: 00e9 5a81 | 3e07 498b | 8700 0500 | 0049 c787 | 0005 0000 | 0000 0000 | 49c7 8708 | 0500 0000 
  0x000001df6703c9c0: 0000 0048 | 83c4 305d 

  0x000001df6703c9c8: ;   {runtime_call unwind_exception Runtime1 stub}
  0x000001df6703c9c8: e933 6540 | 07f4 f4f4 
[Stub Code]
  0x000001df6703c9d0: ;   {no_reloc}
  0x000001df6703c9d0: 0f1f 4400 

  0x000001df6703c9d4: ;   {static_stub}
  0x000001df6703c9d4: 0048 bb00 | 0000 0000 

  0x000001df6703c9dc: ;   {runtime_call nmethod}
  0x000001df6703c9dc: 0000 00e9 | fbff ffff 
[Exception Handler]
  0x000001df6703c9e4: ;   {runtime_call handle_exception_from_callee Runtime1 stub}
  0x000001df6703c9e4: e817 7249 

  0x000001df6703c9e8: ;   {external_word}
  0x000001df6703c9e8: 0748 b940 | 5339 0af8 | 7f00 0048 

  0x000001df6703c9f4: ;   {runtime_call}
  0x000001df6703c9f4: 83e4 f048 | b8b0 c3fb | 09f8 7f00 | 00ff d0f4 
[Deopt Handler Code]
  0x000001df6703ca04: ;   {section_word}
  0x000001df6703ca04: 49ba 04ca | 0367 df01 | 0000 4152 

  0x000001df6703ca10: ;   {runtime_call DeoptimizationBlob}
  0x000001df6703ca10: e98b 733e | 07f4 f4f4 
[/MachCode]


---------------  P R O C E S S  ---------------

Threads class SMR info:
_java_thread_list=0x000001df7bdb0c70, length=11, elements={
0x000001df63c9d320, 0x000001df63d447a0, 0x000001df63d47990, 0x000001df63d4bec0,
0x000001df63d4cdb0, 0x000001df63d4d810, 0x000001df63d4e270, 0x000001df63d4f0b0,
0x000001df7baf5da0, 0x000001df7bca8060, 0x000001df7bdd3950
}

Java Threads: ( => current thread )
=>0x000001df63c9d320 JavaThread "main"                              [_thread_in_vm, id=13196, stack(0x0000006ecde00000,0x0000006ecdf00000) (1024K)]
  0x000001df63d447a0 JavaThread "Reference Handler"          daemon [_thread_blocked, id=23532, stack(0x0000006ece200000,0x0000006ece300000) (1024K)]
  0x000001df63d47990 JavaThread "Finalizer"                  daemon [_thread_blocked, id=33604, stack(0x0000006ece300000,0x0000006ece400000) (1024K)]
  0x000001df63d4bec0 JavaThread "Signal Dispatcher"          daemon [_thread_blocked, id=6732, stack(0x0000006ece400000,0x0000006ece500000) (1024K)]
  0x000001df63d4cdb0 JavaThread "Attach Listener"            daemon [_thread_blocked, id=30804, stack(0x0000006ece500000,0x0000006ece600000) (1024K)]
  0x000001df63d4d810 JavaThread "Service Thread"             daemon [_thread_blocked, id=12648, stack(0x0000006ece600000,0x0000006ece700000) (1024K)]
  0x000001df63d4e270 JavaThread "Monitor Deflation Thread"   daemon [_thread_blocked, id=5436, stack(0x0000006ece700000,0x0000006ece800000) (1024K)]
  0x000001df63d4f0b0 JavaThread "C2 CompilerThread0"         daemon [_thread_blocked, id=30396, stack(0x0000006ece800000,0x0000006ece900000) (1024K)]
  0x000001df7baf5da0 JavaThread "C1 CompilerThread0"         daemon [_thread_blocked, id=17636, stack(0x0000006ece900000,0x0000006ecea00000) (1024K)]
  0x000001df7bca8060 JavaThread "Common-Cleaner"             daemon [_thread_blocked, id=23916, stack(0x0000006ecea00000,0x0000006eceb00000) (1024K)]
  0x000001df7bdd3950 JavaThread "Notification Thread"        daemon [_thread_blocked, id=31152, stack(0x0000006ecec00000,0x0000006eced00000) (1024K)]
Total: 11

Other Threads:
  0x000001df63d3f810 VMThread "VM Thread"                           [id=23924, stack(0x0000006ece100000,0x0000006ece200000) (1024K)] _threads_hazard_ptr=0x000001df7bdb0c70
  0x000001df7a62ca00 WatcherThread "VM Periodic Task Thread"        [id=23168, stack(0x0000006ece000000,0x0000006ece100000) (1024K)]
  0x000001df63cbeab0 WorkerThread "GC Thread#0"                     [id=6292, stack(0x0000006ecdf00000,0x0000006ece000000) (1024K)]
  0x000001df7cf56830 WorkerThread "GC Thread#1"                     [id=20344, stack(0x0000006ecee00000,0x0000006ecef00000) (1024K)]
  0x000001df7d2153f0 WorkerThread "GC Thread#2"                     [id=29044, stack(0x0000006ecef00000,0x0000006ecf000000) (1024K)]
  0x000001df7d2157a0 WorkerThread "GC Thread#3"                     [id=23428, stack(0x0000006ecf000000,0x0000006ecf100000) (1024K)]
  0x000001df7d215b50 WorkerThread "GC Thread#4"                     [id=12116, stack(0x0000006ecf100000,0x0000006ecf200000) (1024K)]
  0x000001df7d215f00 WorkerThread "GC Thread#5"                     [id=20000, stack(0x0000006ecf200000,0x0000006ecf300000) (1024K)]
  0x000001df7d2162b0 WorkerThread "GC Thread#6"                     [id=28280, stack(0x0000006ecf300000,0x0000006ecf400000) (1024K)]
Total: 9

Threads with active compile tasks:
Total: 0

VM state: synchronizing (normal execution)

VM Mutex/Monitor currently owned by a thread:  ([mutex/lock_event])
[0x00007ff80a64c4e0] Metaspace_lock - owner thread: 0x000001df63c9d320
[0x00007ff80a64e560] Threads_lock - owner thread: 0x000001df63d3f810

Heap address: 0x0000000080000000, size: 2048 MB, Compressed Oops mode: 32-bit

CDS archive(s) mapped at: [0x000001df00000000-0x000001df00ba0000-0x000001df00ba0000), size 12189696, SharedBaseAddress: 0x000001df00000000, ArchiveRelocationMode: 1.
Compressed class space mapped at: 0x000001df01000000-0x000001df41000000, reserved size: 1073741824
Narrow klass base: 0x000001df00000000, Narrow klass shift: 0, Narrow klass range: 0x100000000

GC Precious Log:
 CardTable entry size: 512
 CPUs: 12 total, 12 available
 Memory: 16052M
 Large Page Support: Disabled
 NUMA Support: Disabled
 Compressed Oops: Enabled (32-bit)
 Alignments: Space 512K, Generation 512K, Heap 2M
 Heap Min Capacity: 100M
 Heap Initial Capacity: 100M
 Heap Max Capacity: 2G
 Pre-touch: Disabled
 Parallel Workers: 10

Heap:
 PSYoungGen      total 29696K, used 4789K [0x00000000d5580000, 0x00000000d7680000, 0x0000000100000000)
  eden space 25600K, 5% used [0x00000000d5580000,0x00000000d56f5330,0x00000000d6e80000)
  from space 4096K, 80% used [0x00000000d6e80000,0x00000000d71b8158,0x00000000d7280000)
  to   space 4096K, 0% used [0x00000000d7280000,0x00000000d7280000,0x00000000d7680000)
 ParOldGen       total 68608K, used 16K [0x0000000080000000, 0x0000000084300000, 0x00000000d5580000)
  object space 68608K, 0% used [0x0000000080000000,0x0000000080004000,0x0000000084300000)
 Metaspace       used 4606K, committed 4864K, reserved 1114112K
  class space    used 497K, committed 640K, reserved 1048576K

Card table byte_map: [0x000001df63640000,0x000001df63a50000] _byte_map_base: 0x000001df63240000

Marking Bits: (ParMarkBitMap*) 0x00007ff80a653450
 Begin Bits: [0x000001df76150000, 0x000001df78150000)
 End Bits:   [0x000001df78150000, 0x000001df7a150000)

Polling page: 0x000001df61ee0000

Metaspace:

Usage:
  Non-class:      4.01 MB used.
      Class:    497.13 KB used.
       Both:      4.50 MB used.

Virtual space:
  Non-class space:       64.00 MB reserved,       4.12 MB (  6%) committed,  1 nodes.
      Class space:        1.00 GB reserved,     640.00 KB ( <1%) committed,  1 nodes.
             Both:        1.06 GB reserved,       4.75 MB ( <1%) committed. 

Chunk freelists:
   Non-Class:  10.98 MB
       Class:  15.42 MB
        Both:  26.41 MB

MaxMetaspaceSize: unlimited
CompressedClassSpaceSize: 1.00 GB
Initial GC threshold: 21.00 MB
Current GC threshold: 21.00 MB
CDS: on
 - commit_granule_bytes: 65536.
 - commit_granule_words: 8192.
 - virtual_space_node_default_size: 8388608.
 - enlarge_chunks_in_place: 1.
 - use_allocation_guard: 0.


Internal statistics:

num_allocs_failed_limit: 0.
num_arena_births: 184.
num_arena_deaths: 0.
num_vsnodes_births: 2.
num_vsnodes_deaths: 0.
num_space_committed: 76.
num_space_uncommitted: 0.
num_chunks_returned_to_freelist: 0.
num_chunks_taken_from_freelist: 257.
num_chunk_merges: 0.
num_chunk_splits: 166.
num_chunks_enlarged: 96.
num_inconsistent_stats: 0.

CodeHeap 'non-profiled nmethods': size=120000Kb used=463Kb max_used=463Kb free=119536Kb
 bounds [0x000001df6e970000, 0x000001df6ebe0000, 0x000001df75ea0000]
CodeHeap 'profiled nmethods': size=120000Kb used=1819Kb max_used=1819Kb free=118180Kb
 bounds [0x000001df66ea0000, 0x000001df67110000, 0x000001df6e3d0000]
CodeHeap 'non-nmethods': size=5760Kb used=1195Kb max_used=1216Kb free=4564Kb
 bounds [0x000001df6e3d0000, 0x000001df6e640000, 0x000001df6e970000]
CodeCache: size=245760Kb, used=3477Kb, max_used=3498Kb, free=242280Kb
 total_blobs=1584, nmethods=1129, adapters=362, full_count=0
Compilation: enabled, stopped_count=0, restarted_count=0

Compilation events (20 events):
Event: 1.834 Thread 0x000001df7baf5da0 1118       3       java.util.jar.Attributes::getValue (9 bytes)
Event: 1.834 Thread 0x000001df7baf5da0 nmethod 1118 0x000001df67061810 code [0x000001df670619e0, 0x000001df67061d08]
Event: 1.834 Thread 0x000001df7baf5da0 1122       3       java.util.jar.JarFile::maybeInstantiateVerifier (42 bytes)
Event: 1.834 Thread 0x000001df7baf5da0 nmethod 1122 0x000001df67061e10 code [0x000001df67061fe0, 0x000001df67062358]
Event: 1.834 Thread 0x000001df7baf5da0 1123       3       java.util.jar.JarVerifier::update (43 bytes)
Event: 1.835 Thread 0x000001df7baf5da0 nmethod 1123 0x000001df67062490 code [0x000001df67062680, 0x000001df670629c8]
Event: 1.835 Thread 0x000001df7baf5da0 1124       3       java.util.zip.ZipFile$Source::getEntryPos (164 bytes)
Event: 1.835 Thread 0x000001df7baf5da0 nmethod 1124 0x000001df67062b10 code [0x000001df67062d60, 0x000001df67063638]
Event: 1.835 Thread 0x000001df7baf5da0 1125  s    3       jdk.internal.perf.PerfCounter::add (18 bytes)
Event: 1.835 Thread 0x000001df7baf5da0 nmethod 1125 0x000001df67063b10 code [0x000001df67063ce0, 0x000001df670640e0]
Event: 1.835 Thread 0x000001df7baf5da0 1126  s    3       jdk.internal.perf.PerfCounter::get (9 bytes)
Event: 1.835 Thread 0x000001df7baf5da0 nmethod 1126 0x000001df67064310 code [0x000001df670644c0, 0x000001df670646e8]
Event: 1.836 Thread 0x000001df7baf5da0 1127       3       java.util.zip.ZipCoder::hash (36 bytes)
Event: 1.836 Thread 0x000001df7baf5da0 nmethod 1127 0x000001df67064810 code [0x000001df67064a20, 0x000001df67065128]
Event: 1.836 Thread 0x000001df7baf5da0 1128   !   3       java.util.zip.ZipFile::getEntry (59 bytes)
Event: 1.836 Thread 0x000001df7baf5da0 nmethod 1128 0x000001df67065490 code [0x000001df67065680, 0x000001df67065b00]
Event: 1.837 Thread 0x000001df7baf5da0 1130       1       jdk.internal.event.SecurityProviderServiceEvent::isEnabled (2 bytes)
Event: 1.837 Thread 0x000001df7baf5da0 nmethod 1130 0x000001df6e9e3990 code [0x000001df6e9e3b20, 0x000001df6e9e3be8]
Event: 1.837 Thread 0x000001df7baf5da0 1131       3       java.security.CodeSource::getCertificates (95 bytes)
Event: 1.838 Thread 0x000001df7baf5da0 nmethod 1131 0x000001df67065d90 code [0x000001df67065fe0, 0x000001df67066a98]

GC Heap History (2 events):
Event: 0.774 GC heap before
{Heap before GC invocations=1 (full 0):
 PSYoungGen      total 29696K, used 25600K [0x00000000d5580000, 0x00000000d7680000, 0x0000000100000000)
  eden space 25600K, 100% used [0x00000000d5580000,0x00000000d6e80000,0x00000000d6e80000)
  from space 4096K, 0% used [0x00000000d7280000,0x00000000d7280000,0x00000000d7680000)
  to   space 4096K, 0% used [0x00000000d6e80000,0x00000000d6e80000,0x00000000d7280000)
 ParOldGen       total 68608K, used 0K [0x0000000080000000, 0x0000000084300000, 0x00000000d5580000)
  object space 68608K, 0% used [0x0000000080000000,0x0000000080000000,0x0000000084300000)
 Metaspace       used 4315K, committed 4608K, reserved 1114112K
  class space    used 470K, committed 576K, reserved 1048576K
}
Event: 0.780 GC heap after
{Heap after GC invocations=1 (full 0):
 PSYoungGen      total 29696K, used 3296K [0x00000000d5580000, 0x00000000d7680000, 0x0000000100000000)
  eden space 25600K, 0% used [0x00000000d5580000,0x00000000d5580000,0x00000000d6e80000)
  from space 4096K, 80% used [0x00000000d6e80000,0x00000000d71b8158,0x00000000d7280000)
  to   space 4096K, 0% used [0x00000000d7280000,0x00000000d7280000,0x00000000d7680000)
 ParOldGen       total 68608K, used 16K [0x0000000080000000, 0x0000000084300000, 0x00000000d5580000)
  object space 68608K, 0% used [0x0000000080000000,0x0000000080004000,0x0000000084300000)
 Metaspace       used 4315K, committed 4608K, reserved 1114112K
  class space    used 470K, committed 576K, reserved 1048576K
}

Dll operation events (8 events):
Event: 0.022 Loaded shared library c:\Users\SANKARANARAYANAN M\.antigravity\extensions\redhat.java-1.53.0-win32-x64\jre\21.0.10-win32-x86_64\bin\java.dll
Event: 0.108 Loaded shared library c:\Users\SANKARANARAYANAN M\.antigravity\extensions\redhat.java-1.53.0-win32-x64\jre\21.0.10-win32-x86_64\bin\zip.dll
Event: 0.148 Loaded shared library C:\Users\SANKARANARAYANAN M\.antigravity\extensions\redhat.java-1.53.0-win32-x64\jre\21.0.10-win32-x86_64\bin\instrument.dll
Event: 0.152 Loaded shared library C:\Users\SANKARANARAYANAN M\.antigravity\extensions\redhat.java-1.53.0-win32-x64\jre\21.0.10-win32-x86_64\bin\net.dll
Event: 0.154 Loaded shared library C:\Users\SANKARANARAYANAN M\.antigravity\extensions\redhat.java-1.53.0-win32-x64\jre\21.0.10-win32-x86_64\bin\nio.dll
Event: 0.157 Loaded shared library C:\Users\SANKARANARAYANAN M\.antigravity\extensions\redhat.java-1.53.0-win32-x64\jre\21.0.10-win32-x86_64\bin\zip.dll
Event: 0.181 Loaded shared library C:\Users\SANKARANARAYANAN M\.antigravity\extensions\redhat.java-1.53.0-win32-x64\jre\21.0.10-win32-x86_64\bin\jimage.dll
Event: 0.251 Loaded shared library c:\Users\SANKARANARAYANAN M\.antigravity\extensions\redhat.java-1.53.0-win32-x64\jre\21.0.10-win32-x86_64\bin\verify.dll

Deoptimization events (20 events):
Event: 0.748 Thread 0x000001df63c9d320 DEOPT PACKING pc=0x000001df6701a7b1 sp=0x0000006ecdefe340
Event: 0.748 Thread 0x000001df63c9d320 DEOPT UNPACKING pc=0x000001df6e424242 sp=0x0000006ecdefd7b8 mode 0
Event: 0.748 Thread 0x000001df63c9d320 DEOPT PACKING pc=0x000001df6701a7b1 sp=0x0000006ecdefe340
Event: 0.748 Thread 0x000001df63c9d320 DEOPT UNPACKING pc=0x000001df6e424242 sp=0x0000006ecdefd7b8 mode 0
Event: 0.748 Thread 0x000001df63c9d320 DEOPT PACKING pc=0x000001df6701a7b1 sp=0x0000006ecdefe340
Event: 0.748 Thread 0x000001df63c9d320 DEOPT UNPACKING pc=0x000001df6e424242 sp=0x0000006ecdefd7b8 mode 0
Event: 0.749 Thread 0x000001df63c9d320 DEOPT PACKING pc=0x000001df6701a7b1 sp=0x0000006ecdefe340
Event: 0.749 Thread 0x000001df63c9d320 DEOPT UNPACKING pc=0x000001df6e424242 sp=0x0000006ecdefd7b8 mode 0
Event: 0.792 Thread 0x000001df63c9d320 Uncommon trap: trap_request=0xffffffde fr.pc=0x000001df6e9b5610 relative=0x0000000000000570
Event: 0.792 Thread 0x000001df63c9d320 Uncommon trap: reason=class_check action=maybe_recompile pc=0x000001df6e9b5610 method=java.util.Collections$UnmodifiableCollection$1.<init>(Ljava/util/Collections$UnmodifiableCollection;)V @ 17 c2
Event: 0.792 Thread 0x000001df63c9d320 DEOPT PACKING pc=0x000001df6e9b5610 sp=0x0000006ecdefef10
Event: 0.792 Thread 0x000001df63c9d320 DEOPT UNPACKING pc=0x000001df6e423aa2 sp=0x0000006ecdefee58 mode 2
Event: 0.792 Thread 0x000001df63c9d320 Uncommon trap: trap_request=0xffffffc6 fr.pc=0x000001df6e9afe50 relative=0x0000000000000290
Event: 0.792 Thread 0x000001df63c9d320 Uncommon trap: reason=bimorphic_or_optimized_type_check action=maybe_recompile pc=0x000001df6e9afe50 method=java.util.Collections$UnmodifiableCollection$1.next()Ljava/lang/Object; @ 4 c2
Event: 0.792 Thread 0x000001df63c9d320 DEOPT PACKING pc=0x000001df6e9afe50 sp=0x0000006ecdefef20
Event: 0.793 Thread 0x000001df63c9d320 DEOPT UNPACKING pc=0x000001df6e423aa2 sp=0x0000006ecdefeed0 mode 2
Event: 0.793 Thread 0x000001df63c9d320 Uncommon trap: trap_request=0xffffffc6 fr.pc=0x000001df6e9afe50 relative=0x0000000000000290
Event: 0.793 Thread 0x000001df63c9d320 Uncommon trap: reason=bimorphic_or_optimized_type_check action=maybe_recompile pc=0x000001df6e9afe50 method=java.util.Collections$UnmodifiableCollection$1.next()Ljava/lang/Object; @ 4 c2
Event: 0.793 Thread 0x000001df63c9d320 DEOPT PACKING pc=0x000001df6e9afe50 sp=0x0000006ecdefef20
Event: 0.793 Thread 0x000001df63c9d320 DEOPT UNPACKING pc=0x000001df6e423aa2 sp=0x0000006ecdefeed0 mode 2

Classes loaded (20 events):
Event: 0.782 Loading class java/lang/invoke/VarHandleInts$FieldInstanceReadOnly done
Event: 0.782 Loading class java/lang/invoke/VarHandleInts$FieldInstanceReadWrite done
Event: 0.788 Loading class java/nio/file/FileVisitor
Event: 0.788 Loading class java/nio/file/FileVisitor done
Event: 1.833 Loading class java/io/StringWriter
Event: 1.833 Loading class java/io/StringWriter done
Event: 1.838 Loading class java/util/concurrent/locks/ReentrantReadWriteLock
Event: 1.838 Loading class java/util/concurrent/locks/ReadWriteLock
Event: 1.838 Loading class java/util/concurrent/locks/ReadWriteLock done
Event: 1.838 Loading class java/util/concurrent/locks/ReentrantReadWriteLock done
Event: 1.839 Loading class java/util/concurrent/locks/ReentrantReadWriteLock$NonfairSync
Event: 1.839 Loading class java/util/concurrent/locks/ReentrantReadWriteLock$Sync
Event: 1.839 Loading class java/util/concurrent/locks/ReentrantReadWriteLock$Sync done
Event: 1.839 Loading class java/util/concurrent/locks/ReentrantReadWriteLock$NonfairSync done
Event: 1.839 Loading class java/util/concurrent/locks/ReentrantReadWriteLock$Sync$ThreadLocalHoldCounter
Event: 1.839 Loading class java/util/concurrent/locks/ReentrantReadWriteLock$Sync$ThreadLocalHoldCounter done
Event: 1.839 Loading class java/util/concurrent/locks/ReentrantReadWriteLock$ReadLock
Event: 1.839 Loading class java/util/concurrent/locks/ReentrantReadWriteLock$ReadLock done
Event: 1.839 Loading class java/util/concurrent/locks/ReentrantReadWriteLock$WriteLock
Event: 1.839 Loading class java/util/concurrent/locks/ReentrantReadWriteLock$WriteLock done

Classes unloaded (0 events):
No events

Classes redefined (0 events):
No events

Internal exceptions (20 events):
Event: 0.218 Thread 0x000001df63c9d320 Exception <a 'java/lang/NoSuchMethodError'{0x00000000d5a16fd8}: 'void java.lang.invoke.DelegatingMethodHandle$Holder.delegate(java.lang.Object, java.lang.Object, int, java.lang.Object)'> (0x00000000d5a16fd8) 
thrown [s\src\hotspot\share\interpreter\linkResolver.cpp, line 773]
Event: 0.277 Thread 0x000001df63c9d320 Exception <a 'java/lang/NoSuchMethodError'{0x00000000d5be5ce8}: 'void java.lang.invoke.DelegatingMethodHandle$Holder.reinvoke_L(java.lang.Object, java.lang.Object, java.lang.Object, int)'> (0x00000000d5be5ce8) 
thrown [s\src\hotspot\share\interpreter\linkResolver.cpp, line 773]
Event: 0.400 Thread 0x000001df63c9d320 Exception <a 'java/lang/NoSuchMethodError'{0x00000000d6087a68}: 'void java.lang.invoke.DirectMethodHandle$Holder.invokeVirtual(java.lang.Object, java.lang.Object)'> (0x00000000d6087a68) 
thrown [s\src\hotspot\share\interpreter\linkResolver.cpp, line 773]
Event: 0.521 Thread 0x000001df63c9d320 Exception <a 'java/lang/NoSuchMethodError'{0x00000000d6466f70}: 'void java.lang.invoke.DirectMethodHandle$Holder.invokeStatic(java.lang.Object, java.lang.Object)'> (0x00000000d6466f70) 
thrown [s\src\hotspot\share\interpreter\linkResolver.cpp, line 773]
Event: 0.528 Thread 0x000001df63c9d320 Exception <a 'java/lang/ClassNotFoundException'{0x00000000d648f300}: sun/net/www/protocol/c/Handler> (0x00000000d648f300) 
thrown [s\src\hotspot\share\classfile\systemDictionary.cpp, line 312]
Event: 0.548 Thread 0x000001df63c9d320 Exception <a 'java/io/FileNotFoundException'{0x00000000d64f6940}> (0x00000000d64f6940) 
thrown [s\src\hotspot\share\prims\jni.cpp, line 520]
Event: 0.549 Thread 0x000001df63c9d320 Exception <a 'java/io/FileNotFoundException'{0x00000000d64f7d10}> (0x00000000d64f7d10) 
thrown [s\src\hotspot\share\prims\jni.cpp, line 520]
Event: 0.550 Thread 0x000001df63c9d320 Exception <a 'java/io/FileNotFoundException'{0x00000000d64f8a30}> (0x00000000d64f8a30) 
thrown [s\src\hotspot\share\prims\jni.cpp, line 520]
Event: 0.550 Thread 0x000001df63c9d320 Exception <a 'java/io/FileNotFoundException'{0x00000000d64f9610}> (0x00000000d64f9610) 
thrown [s\src\hotspot\share\prims\jni.cpp, line 520]
Event: 0.555 Thread 0x000001df63c9d320 Implicit null exception at 0x000001df6e9a0124 to 0x000001df6e9a06c8
Event: 0.558 Thread 0x000001df63c9d320 Exception <a 'java/io/FileNotFoundException'{0x00000000d65338d0}> (0x00000000d65338d0) 
thrown [s\src\hotspot\share\prims\jni.cpp, line 520]
Event: 0.568 Thread 0x000001df63c9d320 Exception <a 'java/lang/NoSuchMethodError'{0x00000000d6570890}: 'java.lang.Object java.lang.invoke.DirectMethodHandle$Holder.invokeInterface(java.lang.Object, java.lang.Object)'> (0x00000000d6570890) 
thrown [s\src\hotspot\share\interpreter\linkResolver.cpp, line 773]
Event: 0.572 Thread 0x000001df63c9d320 Exception <a 'java/lang/NoSuchMethodError'{0x00000000d65843a8}: 'java.lang.Object java.lang.invoke.Invokers$Holder.invokeExact_MT(java.lang.Object, java.lang.Object, java.lang.Object, java.lang.Object, java.lang.Object, java.lang.Object)'> (0x00000000d65843a8) 
thrown [s\src\hotspot\share\interpreter\linkResolver.cpp, line 773]
Event: 0.577 Thread 0x000001df63c9d320 Exception <a 'java/lang/NoSuchMethodError'{0x00000000d659b480}: 'int java.lang.invoke.DirectMethodHandle$Holder.invokeStatic(java.lang.Object, java.lang.Object, java.lang.Object, java.lang.Object, java.lang.Object)'> (0x00000000d659b480) 
thrown [s\src\hotspot\share\interpreter\linkResolver.cpp, line 773]
Event: 0.603 Thread 0x000001df63c9d320 Exception <a 'java/lang/NoSuchMethodError'{0x00000000d6631530}: 'java.lang.Object java.lang.invoke.DirectMethodHandle$Holder.invokeInterface(java.lang.Object, java.lang.Object, int)'> (0x00000000d6631530) 
thrown [s\src\hotspot\share\interpreter\linkResolver.cpp, line 773]
Event: 0.725 Thread 0x000001df63c9d320 Exception <a 'java/lang/NoSuchMethodError'{0x00000000d6a97aa0}: 'java.lang.ClassLoader java.lang.ClassLoader.getPlatformClassLoader(java.lang.Class)'> (0x00000000d6a97aa0) 
thrown [s\src\hotspot\share\interpreter\linkResolver.cpp, line 773]
Event: 0.785 Thread 0x000001df63c9d320 Exception <a 'java/lang/ClassNotFoundException'{0x00000000d55b1778}: sun/net/www/protocol/c/Handler> (0x00000000d55b1778) 
thrown [s\src\hotspot\share\classfile\systemDictionary.cpp, line 312]
Event: 0.786 Thread 0x000001df63c9d320 Exception <a 'java/lang/ClassNotFoundException'{0x00000000d55b2b80}: sun/net/www/protocol/c/Handler> (0x00000000d55b2b80) 
thrown [s\src\hotspot\share\classfile\systemDictionary.cpp, line 312]
Event: 0.786 Thread 0x000001df63c9d320 Exception <a 'java/lang/ClassNotFoundException'{0x00000000d55b3db8}: sun/net/www/protocol/c/Handler> (0x00000000d55b3db8) 
thrown [s\src\hotspot\share\classfile\systemDictionary.cpp, line 312]
Event: 0.792 Thread 0x000001df63c9d320 Exception <a 'java/io/FileNotFoundException'{0x00000000d55e6f38}> (0x00000000d55e6f38) 
thrown [s\src\hotspot\share\prims\jni.cpp, line 520]

ZGC Phase Switch (0 events):
No events

VM Operations (15 events):
Event: 0.107 Executing non-safepoint VM operation: HandshakeAllThreads (Deoptimize)
Event: 0.108 Executing non-safepoint VM operation: HandshakeAllThreads (Deoptimize) done
Event: 0.192 Executing non-safepoint VM operation: HandshakeAllThreads (Deoptimize)
Event: 0.192 Executing non-safepoint VM operation: HandshakeAllThreads (Deoptimize) done
Event: 0.490 Executing non-safepoint VM operation: HandshakeAllThreads (Deoptimize)
Event: 0.490 Executing non-safepoint VM operation: HandshakeAllThreads (Deoptimize) done
Event: 0.513 Executing non-safepoint VM operation: HandshakeAllThreads (Deoptimize)
Event: 0.513 Executing non-safepoint VM operation: HandshakeAllThreads (Deoptimize) done
Event: 0.757 Executing safepoint VM operation: ICBufferFull
Event: 0.757 Executing safepoint VM operation: ICBufferFull done
Event: 0.774 Executing safepoint VM operation: ParallelGCFailedAllocation (Allocation Failure)
Event: 0.780 Executing safepoint VM operation: ParallelGCFailedAllocation (Allocation Failure) done
Event: 1.792 Executing safepoint VM operation: Cleanup
Event: 1.824 Executing safepoint VM operation: Cleanup done
Event: 2.832 Executing safepoint VM operation: Cleanup

Memory protections (0 events):
No events

Nmethod flushes (0 events):
No events

Events (15 events):
Event: 0.037 Thread 0x000001df63c9d320 Thread added: 0x000001df63c9d320
Event: 0.052 Thread 0x000001df63c9d320 Thread added: 0x000001df63d447a0
Event: 0.052 Thread 0x000001df63c9d320 Thread added: 0x000001df63d47990
Event: 0.052 Thread 0x000001df63c9d320 Thread added: 0x000001df63d4bec0
Event: 0.052 Thread 0x000001df63c9d320 Thread added: 0x000001df63d4cdb0
Event: 0.052 Thread 0x000001df63c9d320 Thread added: 0x000001df63d4d810
Event: 0.052 Thread 0x000001df63c9d320 Thread added: 0x000001df63d4e270
Event: 0.052 Thread 0x000001df63c9d320 Thread added: 0x000001df63d4f0b0
Event: 0.056 Thread 0x000001df63c9d320 Thread added: 0x000001df7baf5da0
Event: 0.149 Thread 0x000001df63c9d320 Thread added: 0x000001df7bca8060
Event: 0.239 Thread 0x000001df7baf5da0 Thread added: 0x000001df7bcf8620
Event: 0.347 Thread 0x000001df63c9d320 Thread added: 0x000001df7bdd3950
Event: 0.433 Thread 0x000001df63d4f0b0 Thread added: 0x000001df7ca2f2d0
Event: 1.825 Thread 0x000001df7ca2f2d0 Thread exited: 0x000001df7ca2f2d0
Event: 1.829 Thread 0x000001df7bcf8620 Thread exited: 0x000001df7bcf8620


Dynamic libraries:
0x00007ff6f1240000 - 0x00007ff6f124e000 	c:\Users\SANKARANARAYANAN M\.antigravity\extensions\redhat.java-1.53.0-win32-x64\jre\21.0.10-win32-x86_64\bin\java.exe
0x00007ff8d93e0000 - 0x00007ff8d9647000 	C:\WINDOWS\SYSTEM32\ntdll.dll
0x00007ff8d8760000 - 0x00007ff8d8829000 	C:\WINDOWS\System32\KERNEL32.DLL
0x00007ff8d6b80000 - 0x00007ff8d6f71000 	C:\WINDOWS\System32\KERNELBASE.dll
0x00007ff8d6f80000 - 0x00007ff8d70cb000 	C:\WINDOWS\System32\ucrtbase.dll
0x00007ff8cb360000 - 0x00007ff8cb378000 	c:\Users\SANKARANARAYANAN M\.antigravity\extensions\redhat.java-1.53.0-win32-x64\jre\21.0.10-win32-x86_64\bin\jli.dll
0x00007ff8d7790000 - 0x00007ff8d7955000 	C:\WINDOWS\System32\USER32.dll
0x00007ff8d6970000 - 0x00007ff8d6997000 	C:\WINDOWS\System32\win32u.dll
0x00007ff8d91c0000 - 0x00007ff8d91eb000 	C:\WINDOWS\System32\GDI32.dll
0x00007ff8d6a50000 - 0x00007ff8d6b7b000 	C:\WINDOWS\System32\gdi32full.dll
0x00007ff8d69a0000 - 0x00007ff8d6a43000 	C:\WINDOWS\System32\msvcp_win.dll
0x00007ff8cb3a0000 - 0x00007ff8cb3be000 	c:\Users\SANKARANARAYANAN M\.antigravity\extensions\redhat.java-1.53.0-win32-x64\jre\21.0.10-win32-x86_64\bin\VCRUNTIME140.dll
0x00007ff8b52f0000 - 0x00007ff8b5583000 	C:\WINDOWS\WinSxS\amd64_microsoft.windows.common-controls_6595b64144ccf1df_6.0.26100.8037_none_3e092faae333b53b\COMCTL32.dll
0x00007ff8d8eb0000 - 0x00007ff8d8f59000 	C:\WINDOWS\System32\msvcrt.dll
0x00007ff8d8830000 - 0x00007ff8d8861000 	C:\WINDOWS\System32\IMM32.DLL
0x00007ff8cc040000 - 0x00007ff8cc04c000 	c:\Users\SANKARANARAYANAN M\.antigravity\extensions\redhat.java-1.53.0-win32-x64\jre\21.0.10-win32-x86_64\bin\vcruntime140_1.dll
0x00007ff89cbb0000 - 0x00007ff89cc3d000 	c:\Users\SANKARANARAYANAN M\.antigravity\extensions\redhat.java-1.53.0-win32-x64\jre\21.0.10-win32-x86_64\bin\msvcp140.dll
0x00007ff809990000 - 0x00007ff80a731000 	c:\Users\SANKARANARAYANAN M\.antigravity\extensions\redhat.java-1.53.0-win32-x64\jre\21.0.10-win32-x86_64\bin\server\jvm.dll
0x00007ff8d8f70000 - 0x00007ff8d902b000 	C:\WINDOWS\System32\ADVAPI32.dll
0x00007ff8d8870000 - 0x00007ff8d8917000 	C:\WINDOWS\System32\sechost.dll
0x00007ff8d74d0000 - 0x00007ff8d75e8000 	C:\WINDOWS\System32\RPCRT4.dll
0x00007ff8d73c0000 - 0x00007ff8d7434000 	C:\WINDOWS\System32\WS2_32.dll
0x00007ff8d5520000 - 0x00007ff8d557e000 	C:\WINDOWS\SYSTEM32\POWRPROF.dll
0x00007ff8c3cb0000 - 0x00007ff8c3ce5000 	C:\WINDOWS\SYSTEM32\WINMM.dll
0x00007ff8ca520000 - 0x00007ff8ca52b000 	C:\WINDOWS\SYSTEM32\VERSION.dll
0x00007ff8d5500000 - 0x00007ff8d5514000 	C:\WINDOWS\SYSTEM32\UMPDC.dll
0x00007ff8d4a10000 - 0x00007ff8d4a2b000 	C:\WINDOWS\SYSTEM32\kernel.appcore.dll
0x00007ff8cb470000 - 0x00007ff8cb47a000 	c:\Users\SANKARANARAYANAN M\.antigravity\extensions\redhat.java-1.53.0-win32-x64\jre\21.0.10-win32-x86_64\bin\jimage.dll
0x00007ff8d3aa0000 - 0x00007ff8d3ce2000 	C:\WINDOWS\SYSTEM32\DBGHELP.DLL
0x00007ff8d7b60000 - 0x00007ff8d7ee2000 	C:\WINDOWS\System32\combase.dll
0x00007ff8d76b0000 - 0x00007ff8d7787000 	C:\WINDOWS\System32\OLEAUT32.dll
0x00007ff8b0560000 - 0x00007ff8b059b000 	C:\WINDOWS\SYSTEM32\dbgcore.DLL
0x00007ff8d70d0000 - 0x00007ff8d7175000 	C:\WINDOWS\System32\bcryptPrimitives.dll
0x00007ff8cb2f0000 - 0x00007ff8cb2ff000 	c:\Users\SANKARANARAYANAN M\.antigravity\extensions\redhat.java-1.53.0-win32-x64\jre\21.0.10-win32-x86_64\bin\instrument.dll
0x00007ff8ca1d0000 - 0x00007ff8ca1f0000 	c:\Users\SANKARANARAYANAN M\.antigravity\extensions\redhat.java-1.53.0-win32-x64\jre\21.0.10-win32-x86_64\bin\java.dll
0x00007ff8d7ff0000 - 0x00007ff8d874f000 	C:\WINDOWS\System32\SHELL32.dll
0x00007ff8d5cc0000 - 0x00007ff8d5e2a000 	C:\WINDOWS\System32\wintypes.dll
0x00007ff8d5e30000 - 0x00007ff8d6694000 	C:\WINDOWS\System32\windows.storage.dll
0x00007ff8d7200000 - 0x00007ff8d72f7000 	C:\WINDOWS\System32\SHCORE.dll
0x00007ff8d7f00000 - 0x00007ff8d7f67000 	C:\WINDOWS\System32\shlwapi.dll
0x00007ff8d5be0000 - 0x00007ff8d5c09000 	C:\WINDOWS\SYSTEM32\profapi.dll
0x00007ff8ca020000 - 0x00007ff8ca038000 	c:\Users\SANKARANARAYANAN M\.antigravity\extensions\redhat.java-1.53.0-win32-x64\jre\21.0.10-win32-x86_64\bin\zip.dll
0x00007ff8cb2e0000 - 0x00007ff8cb2f0000 	C:\Users\SANKARANARAYANAN M\.antigravity\extensions\redhat.java-1.53.0-win32-x64\jre\21.0.10-win32-x86_64\bin\net.dll
0x00007ff8cca80000 - 0x00007ff8ccba7000 	C:\WINDOWS\SYSTEM32\WINHTTP.dll
0x00007ff8d4f60000 - 0x00007ff8d4fcb000 	C:\WINDOWS\system32\mswsock.dll
0x00007ff8c9850000 - 0x00007ff8c9866000 	C:\Users\SANKARANARAYANAN M\.antigravity\extensions\redhat.java-1.53.0-win32-x64\jre\21.0.10-win32-x86_64\bin\nio.dll
0x00007ff8cb210000 - 0x00007ff8cb220000 	c:\Users\SANKARANARAYANAN M\.antigravity\extensions\redhat.java-1.53.0-win32-x64\jre\21.0.10-win32-x86_64\bin\verify.dll

JVMTI agents:
c:\Users\SANKARANARAYANAN M\.antigravity\extensions\redhat.java-1.53.0-win32-x64\lombok\lombok-1.18.39-4050.jar path:c:\Users\SANKARANARAYANAN M\.antigravity\extensions\redhat.java-1.53.0-win32-x64\jre\21.0.10-win32-x86_64\bin\instrument.dll, loaded, initialized, instrumentlib options:none

dbghelp: loaded successfully - version: 4.0.5 - missing functions: none
symbol engine: initialized successfully - sym options: 0x614 - pdb path: .;c:\Users\SANKARANARAYANAN M\.antigravity\extensions\redhat.java-1.53.0-win32-x64\jre\21.0.10-win32-x86_64\bin;C:\WINDOWS\SYSTEM32;C:\WINDOWS\WinSxS\amd64_microsoft.windows.common-controls_6595b64144ccf1df_6.0.26100.8037_none_3e092faae333b53b;c:\Users\SANKARANARAYANAN M\.antigravity\extensions\redhat.java-1.53.0-win32-x64\jre\21.0.10-win32-x86_64\bin\server

VM Arguments:
jvm_args: --add-modules=ALL-SYSTEM --add-opens=java.base/java.util=ALL-UNNAMED --add-opens=java.base/java.lang=ALL-UNNAMED --add-opens=java.base/sun.nio.fs=ALL-UNNAMED -Declipse.application=org.eclipse.jdt.ls.core.id1 -Dosgi.bundles.defaultStartLevel=4 -Declipse.product=org.eclipse.jdt.ls.core.product -Djava.import.generatesMetadataFilesAtProjectRoot=false -DDetectVMInstallationsJob.disabled=true -Dfile.encoding=utf8 -XX:+UseParallelGC -XX:GCTimeRatio=4 -XX:AdaptiveSizePolicyWeight=90 -Dsun.zip.disableMemoryMapping=true -Xmx2G -Xms100m -Xlog:disable -javaagent:c:\Users\SANKARANARAYANAN M\.antigravity\extensions\redhat.java-1.53.0-win32-x64\lombok\lombok-1.18.39-4050.jar -XX:+HeapDumpOnOutOfMemoryError -XX:HeapDumpPath=c:\Users\SANKARANARAYANAN M\AppData\Roaming\Antigravity\User\workspaceStorage\4789f6ae332634ec32cf7b49454c9aec\redhat.java -Daether.dependencyCollector.impl=bf 
java_command: c:\Users\SANKARANARAYANAN M\.antigravity\extensions\redhat.java-1.53.0-win32-x64\server\plugins\org.eclipse.equinox.launcher_1.7.100.v20251111-0406.jar -configuration c:\Users\SANKARANARAYANAN M\AppData\Roaming\Antigravity\User\globalStorage\redhat.java\1.53.0\config_win -data c:\Users\SANKARANARAYANAN M\AppData\Roaming\Antigravity\User\workspaceStorage\4789f6ae332634ec32cf7b49454c9aec\redhat.java\jdt_ws --pipe=\\.\pipe\lsp-163cd63961476487e97ce7f19b1926c1-sock
java_class_path (initial): c:\Users\SANKARANARAYANAN M\.antigravity\extensions\redhat.java-1.53.0-win32-x64\server\plugins\org.eclipse.equinox.launcher_1.7.100.v20251111-0406.jar
Launcher Type: SUN_STANDARD

[Global flags]
    uintx AdaptiveSizePolicyWeight                 = 90                                        {product} {command line}
     intx CICompilerCount                          = 4                                         {product} {ergonomic}
    uintx GCTimeRatio                              = 4                                         {product} {command line}
     bool HeapDumpOnOutOfMemoryError               = true                                   {manageable} {command line}
    ccstr HeapDumpPath                             = c:\Users\SANKARANARAYANAN M\AppData\Roaming\Antigravity\User\workspaceStorage\4789f6ae332634ec32cf7b49454c9aec\redhat.java         {manageable} {command line}
   size_t InitialHeapSize                          = 104857600                                 {product} {command line}
   size_t MaxHeapSize                              = 2147483648                                {product} {command line}
   size_t MaxNewSize                               = 715653120                                 {product} {ergonomic}
   size_t MinHeapDeltaBytes                        = 524288                                    {product} {ergonomic}
   size_t MinHeapSize                              = 104857600                                 {product} {command line}
   size_t NewSize                                  = 34603008                                  {product} {ergonomic}
    uintx NonNMethodCodeHeapSize                   = 5839372                                {pd product} {ergonomic}
    uintx NonProfiledCodeHeapSize                  = 122909434                              {pd product} {ergonomic}
   size_t OldSize                                  = 70254592                                  {product} {ergonomic}
    uintx ProfiledCodeHeapSize                     = 122909434                              {pd product} {ergonomic}
    uintx ReservedCodeCacheSize                    = 251658240                              {pd product} {ergonomic}
     bool SegmentedCodeCache                       = true                                      {product} {ergonomic}
   size_t SoftMaxHeapSize                          = 2147483648                             {manageable} {ergonomic}
     bool UseCompressedOops                        = true                           {product lp64_product} {ergonomic}
     bool UseLargePagesIndividualAllocation        = false                                  {pd product} {ergonomic}
     bool UseParallelGC                            = true                                      {product} {command line}

Logging:
Log output configuration:
 #0: stdout all=off uptime,level,tags foldmultilines=false
 #1: stderr all=off uptime,level,tags foldmultilines=false

Release file:
JAVA_VERSION="21.0.10" 
MODULES="java.base java.compiler java.datatransfer java.xml java.prefs java.desktop java.instrument java.logging java.management java.security.sasl java.naming java.rmi java.management.rmi java.net.http java.scripting java.security.jgss java.transaction.xa java.sql java.sql.rowset java.xml.crypto java.se java.smartcardio jdk.accessibility jdk.internal.jvmstat jdk.attach jdk.charsets jdk.internal.opt jdk.zipfs jdk.compiler jdk.crypto.ec jdk.crypto.cryptoki jdk.crypto.mscapi jdk.dynalink jdk.internal.ed jdk.editpad jdk.hotspot.agent jdk.httpserver jdk.internal.le jdk.internal.vm.ci jdk.internal.vm.compiler jdk.internal.vm.compiler.management jdk.jartool jdk.javadoc jdk.jcmd jdk.management jdk.management.agent jdk.jconsole jdk.jdeps jdk.jdwp.agent jdk.jdi jdk.jfr jdk.jshell jdk.jsobject jdk.jstatd jdk.localedata jdk.management.jfr jdk.naming.dns jdk.naming.rmi jdk.net jdk.nio.mapmode jdk.random jdk.sctp jdk.security.auth jdk.security.jgss jdk.unsupported jdk.unsupported.desktop jdk.xml.dom" 

Environment Variables:
PATH=C:\Program Files\Common Files\Oracle\Java\javapath;C:\windows\system32;C:\windows;C:\windows\System32\Wbem;C:\windows\System32\WindowsPowerShell\v1.0\;C:\windows\System32\OpenSSH\;C:\Program Files (x86)\NVIDIA Corporation\PhysX\Common;C:\Program Files\NVIDIA Corporation\NVIDIA NvDLISR;C:\ProgramData\chocolatey\bin;C:\WINDOWS\system32;C:\WINDOWS;C:\WINDOWS\System32\Wbem;C:\WINDOWS\System32\WindowsPowerShell\v1.0\;C:\WINDOWS\System32\OpenSSH\;C:\DOCUMENTS\Git\cmd;C:\Program Files\MySQL\MySQL Server 8.0\bin;C:\Program Files\nodejs\;C:\Program Files\Common Files\Oracle\Java\javapath;C:\windows\system32;C:\windows;C:\windows\System32\Wbem;C:\windows\System32\WindowsPowerShell\v1.0\;C:\windows\System32\OpenSSH\;C:\Program Files (x86)\NVIDIA Corporation\PhysX\Common;C:\Program Files\NVIDIA Corporation\NVIDIA NvDLISR;C:\ProgramData\chocolatey\bin;C:\WINDOWS\system32;C:\WINDOWS;C:\WINDOWS\System32\Wbem;C:\WINDOWS\System32\WindowsPowerShell\v1.0\;C:\WINDOWS\System32\OpenSSH\;C:\DOCUMENTS\Git\cmd;C:\Program Files\MySQL\MySQL Server 8.0\bin;C:\Program Files\nodejs\;C:\Program Files\MySQL\MySQL Shell 8.0\bin\;C:\Users\SANKARANARAYANAN M\AppData\Local\Programs\Python\Python311\Scripts\;C:\Users\SANKARANARAYANAN M\AppData\Local\Programs\Python\Python311\;C:\Users\SANKARANARAYANAN M\AppData\Local\Microsoft\WindowsApps;C:\Users\SANKARANARAYANAN M\AppData\Local\Programs\Microsoft VS Code\bin;C:\Program Files\JetBrains\IntelliJ IDEA Community Edition 2024.3.4.1\bin;C:\Users\SANKARANARAYANAN M\OneDrive\Documents\C gcc\ucrt64\bin;C:\Users\SANKARANARAYANA;C:\Users\SANKARANARAYANAN M\.local\bin;C:\Users\SANKARANARAYANAN M\AppData\Local\Programs\cursor\resources\app\bin
USERNAME=SANKARANARAYANAN M
OS=Windows_NT
PROCESSOR_IDENTIFIER=Intel64 Family 6 Model 154 Stepping 3, GenuineIntel
TMP=C:\Users\SANKAR~1\AppData\Local\Temp
TEMP=C:\Users\SANKAR~1\AppData\Local\Temp




Periodic native trim disabled

---------------  S Y S T E M  ---------------

OS:
 Windows 11 , 64 bit Build 26100 (10.0.26100.7920)
OS uptime: 0 days 12:13 hours
Hyper-V role detected

CPU: total 12 (initial active 12) (6 cores per cpu, 2 threads per core) family 6 model 154 stepping 3 microcode 0x434, cx8, cmov, fxsr, ht, mmx, 3dnowpref, sse, sse2, sse3, ssse3, sse4.1, sse4.2, popcnt, lzcnt, tsc, tscinvbit, avx, avx2, aes, erms, clmul, bmi1, bmi2, adx, sha, fma, vzeroupper, clflush, clflushopt, clwb, hv, serialize, rdtscp, rdpid, fsrm, f16c, cet_ibt, cet_ss
Processor Information for processor 0
  Max Mhz: 2000, Current Mhz: 2000, Mhz Limit: 2000
Processor Information for processor 1
  Max Mhz: 2000, Current Mhz: 2000, Mhz Limit: 2000
Processor Information for processor 2
  Max Mhz: 2000, Current Mhz: 2000, Mhz Limit: 2000
Processor Information for processor 3
  Max Mhz: 2000, Current Mhz: 2000, Mhz Limit: 2000
Processor Information for processor 4
  Max Mhz: 2000, Current Mhz: 2000, Mhz Limit: 2000
Processor Information for processor 5
  Max Mhz: 2000, Current Mhz: 1520, Mhz Limit: 2000
Processor Information for processor 6
  Max Mhz: 2000, Current Mhz: 2000, Mhz Limit: 2000
Processor Information for processor 7
  Max Mhz: 2000, Current Mhz: 2000, Mhz Limit: 2000
Processor Information for processor 8
  Max Mhz: 2000, Current Mhz: 2000, Mhz Limit: 2000
Processor Information for processor 9
  Max Mhz: 2000, Current Mhz: 2000, Mhz Limit: 2000
Processor Information for processor 10
  Max Mhz: 2000, Current Mhz: 2000, Mhz Limit: 2000
Processor Information for processor 11
  Max Mhz: 2000, Current Mhz: 1466, Mhz Limit: 2000

Memory: 4k page, system-wide physical 16052M (1474M free)
TotalPageFile size 24244M (AvailPageFile size 3M)
current process WorkingSet (physical memory assigned to process): 82M, peak: 82M
current process commit charge ("private bytes"): 242M, peak: 243M

vm_info: OpenJDK 64-Bit Server VM (21.0.10+7-LTS) for windows-amd64 JRE (21.0.10+7-LTS), built on 2026-01-20T00:00:00Z by "admin" with MS VC++ 17.12 (VS2022)

END.
